[32m[2019-02-27 11:08:35,169] [log.py:92] [log:__console] [INFO]- 初始化webdriver对象[0m
[32m[2019-02-27 11:09:35,154] [log.py:92] [log:__console] [INFO]- 初始化webdriver对象[0m
[32m[2019-02-27 11:13:53,817] [log.py:92] [log:__console] [INFO]- 初始化webdriver对象[0m
[32m[2019-02-27 11:16:33,365] [log.py:92] [log:__console] [INFO]- 初始化webdriver对象[0m
[32m[2019-02-27 11:17:24,996] [log.py:92] [log:__console] [INFO]- 初始化webdriver对象[0m
[32m[2019-02-27 11:29:32,341] [log.py:92] [log:__console] [INFO]- 初始化webdriver对象[0m
[32m[2019-02-27 11:30:39,282] [log.py:92] [log:__console] [INFO]- 初始化webdriver对象[0m
[32m[2019-02-27 14:31:25,561] [log.py:92] [log:__console] [INFO]- 初始化webdriver对象[0m
[32m[2019-02-27 14:49:39,416] [log.py:92] [log:__console] [INFO]- 初始化webdriver对象[0m
[31m[2019-02-27 14:50:41,088] [log.py:98] [log:__console] [ERROR]- 获取页面文本值出错，错误信息为Message: no such element: Unable to locate element: {"method":"xpath","selector":"./dt/span[2]/text()"}
  (Session info: chrome=72.0.3626.119)
  (Driver info: chromedriver=2.44.609545 (c2f88692e98ce7233d2df7c724465ecacfe74df5),platform=Mac OS X 10.14.1 x86_64)
[0m
[32m[2019-02-27 14:54:32,369] [log.py:92] [log:__console] [INFO]- 初始化webdriver对象[0m
[31m[2019-02-27 14:54:56,940] [log.py:98] [log:__console] [ERROR]- 获取页面文本值出错，错误信息为Message: no such element: Unable to locate element: {"method":"xpath","selector":"./dt/span[2]"}
  (Session info: chrome=72.0.3626.119)
  (Driver info: chromedriver=2.44.609545 (c2f88692e98ce7233d2df7c724465ecacfe74df5),platform=Mac OS X 10.14.1 x86_64)
[0m
[32m[2019-02-27 14:57:54,778] [log.py:92] [log:__console] [INFO]- 初始化webdriver对象[0m
[32m[2019-02-27 15:36:12,024] [log.py:92] [log:__console] [INFO]- 初始化webdriver对象[0m
[31m[2019-02-27 15:37:24,974] [log.py:98] [log:__console] [ERROR]- 点击./dd[2]超时[0m
[31m[2019-02-27 15:39:10,667] [log.py:98] [log:__console] [ERROR]- 点击./dd[2]超时[0m
[32m[2019-02-27 15:40:31,003] [log.py:92] [log:__console] [INFO]- 初始化webdriver对象[0m
[32m[2019-02-27 15:46:37,490] [log.py:92] [log:__console] [INFO]- 初始化webdriver对象[0m
[32m[2019-02-27 15:48:10,307] [log.py:92] [log:__console] [INFO]- 初始化webdriver对象[0m
[32m[2019-02-27 15:49:14,076] [log.py:92] [log:__console] [INFO]- 初始化webdriver对象[0m
[32m[2019-02-27 15:56:25,906] [log.py:92] [log:__console] [INFO]- 初始化webdriver对象[0m
[31m[2019-02-27 15:57:04,974] [log.py:98] [log:__console] [ERROR]- 点击./dd[2]/div/span/span[2]/div//a[@class="vnl-simplePopup-title_close"]超时[0m
[32m[2019-02-27 15:58:23,592] [log.py:92] [log:__console] [INFO]- 初始化webdriver对象[0m
[31m[2019-02-27 15:59:07,687] [log.py:98] [log:__console] [ERROR]- 点击./dd[2]/div/span/span[2]/div/div/div[1]/a超时[0m
[32m[2019-02-27 15:59:42,961] [log.py:92] [log:__console] [INFO]- 初始化webdriver对象[0m
[31m[2019-02-27 15:59:47,561] [log.py:98] [log:__console] [ERROR]- 获取页面文本值出错，错误信息为Message: no such element: Unable to locate element: {"method":"xpath","selector":"./dd[2]/div/span/span[2]/div/div/div[1]/a"}
  (Session info: chrome=72.0.3626.119)
  (Driver info: chromedriver=2.44.609545 (c2f88692e98ce7233d2df7c724465ecacfe74df5),platform=Mac OS X 10.14.1 x86_64)
[0m
[32m[2019-02-27 16:00:32,728] [log.py:92] [log:__console] [INFO]- 初始化webdriver对象[0m
[31m[2019-02-27 16:00:56,062] [log.py:98] [log:__console] [ERROR]- 获取页面文本值出错，错误信息为Message: no such element: Unable to locate element: {"method":"xpath","selector":"./dd[2]/div/span/span[2]/div/div/div[1]/a"}
  (Session info: chrome=72.0.3626.119)
  (Driver info: chromedriver=2.44.609545 (c2f88692e98ce7233d2df7c724465ecacfe74df5),platform=Mac OS X 10.14.1 x86_64)
[0m
[32m[2019-02-27 16:02:52,638] [log.py:92] [log:__console] [INFO]- 初始化webdriver对象[0m
[32m[2019-02-27 17:47:24,094] [log.py:92] [log:__console] [INFO]- 初始化webdriver对象[0m
[31m[2019-02-27 17:47:31,676] [log.py:98] [log:__console] [ERROR]- 选择航班发生错误，错误提示：too many values to unpack (expected 2)[0m
[32m[2019-02-27 17:48:05,223] [log.py:92] [log:__console] [INFO]- 初始化webdriver对象[0m
[32m[2019-02-27 17:50:25,800] [log.py:92] [log:__console] [INFO]- 初始化webdriver对象[0m
[32m[2019-02-27 17:55:33,053] [log.py:92] [log:__console] [INFO]- 初始化webdriver对象[0m
[32m[2019-02-27 17:56:42,844] [log.py:92] [log:__console] [INFO]- 初始化webdriver对象[0m
[32m[2019-02-27 18:17:22,782] [log.py:92] [log:__console] [INFO]- 初始化webdriver对象[0m
[32m[2019-02-27 18:23:59,974] [log.py:92] [log:__console] [INFO]- 初始化webdriver对象[0m
[31m[2019-02-27 18:24:43,186] [log.py:98] [log:__console] [ERROR]- 定位./form/ul/li[3]/span[2]时，点击click时出错，错误信息：Message: no such element: Unable to locate element: {"method":"xpath","selector":"./form/ul/li[3]/span[2]"}
  (Session info: chrome=72.0.3626.119)
  (Driver info: chromedriver=2.44.609545 (c2f88692e98ce7233d2df7c724465ecacfe74df5),platform=Mac OS X 10.14.1 x86_64)
[0m
[31m[2019-02-27 18:24:43,200] [log.py:98] [log:__console] [ERROR]- 定位./form/ul/li[4]/input时，填写1967-02-12时出错，错误信息：Message: no such element: Unable to locate element: {"method":"xpath","selector":"./form/ul/li[4]/input"}
  (Session info: chrome=72.0.3626.119)
  (Driver info: chromedriver=2.44.609545 (c2f88692e98ce7233d2df7c724465ecacfe74df5),platform=Mac OS X 10.14.1 x86_64)
[0m
[31m[2019-02-27 18:24:45,306] [log.py:98] [log:__console] [ERROR]- 定位./form/ul/li[3]/span[2]时，点击click时出错，错误信息：Message: no such element: Unable to locate element: {"method":"xpath","selector":"./form/ul/li[3]/span[2]"}
  (Session info: chrome=72.0.3626.119)
  (Driver info: chromedriver=2.44.609545 (c2f88692e98ce7233d2df7c724465ecacfe74df5),platform=Mac OS X 10.14.1 x86_64)
[0m
[31m[2019-02-27 18:24:45,330] [log.py:98] [log:__console] [ERROR]- 定位./form/ul/li[4]/input时，填写1967-02-12时出错，错误信息：Message: no such element: Unable to locate element: {"method":"xpath","selector":"./form/ul/li[4]/input"}
  (Session info: chrome=72.0.3626.119)
  (Driver info: chromedriver=2.44.609545 (c2f88692e98ce7233d2df7c724465ecacfe74df5),platform=Mac OS X 10.14.1 x86_64)
[0m
[32m[2019-02-27 18:25:17,080] [log.py:92] [log:__console] [INFO]- 初始化webdriver对象[0m
[31m[2019-02-27 18:26:23,124] [log.py:98] [log:__console] [ERROR]- 定位./form/ul/li[3]/span[2]时，点击click时出错，错误信息：Message: no such element: Unable to locate element: {"method":"xpath","selector":"./form/ul/li[3]/span[2]"}
  (Session info: chrome=72.0.3626.119)
  (Driver info: chromedriver=2.44.609545 (c2f88692e98ce7233d2df7c724465ecacfe74df5),platform=Mac OS X 10.14.1 x86_64)
[0m
[32m[2019-02-27 18:28:12,282] [log.py:92] [log:__console] [INFO]- 初始化webdriver对象[0m
[32m[2019-02-27 18:29:43,309] [log.py:92] [log:__console] [INFO]- 初始化webdriver对象[0m
[31m[2019-02-27 18:30:34,268] [log.py:98] [log:__console] [ERROR]- 定位./form/ul/li[3]/span[1]/lable时，点击click时出错，错误信息：Message: no such element: Unable to locate element: {"method":"xpath","selector":"./form/ul/li[3]/span[1]/lable"}
  (Session info: chrome=72.0.3626.119)
  (Driver info: chromedriver=2.44.609545 (c2f88692e98ce7233d2df7c724465ecacfe74df5),platform=Mac OS X 10.14.1 x86_64)
[0m
[31m[2019-02-27 18:30:43,358] [log.py:98] [log:__console] [ERROR]- 定位./form//ul/li[3]/span[1]/lable时，点击click时出错，错误信息：Message: no such element: Unable to locate element: {"method":"xpath","selector":"./form//ul/li[3]/span[1]/lable"}
  (Session info: chrome=72.0.3626.119)
  (Driver info: chromedriver=2.44.609545 (c2f88692e98ce7233d2df7c724465ecacfe74df5),platform=Mac OS X 10.14.1 x86_64)
[0m
[31m[2019-02-27 18:35:53,187] [log.py:98] [log:__console] [ERROR]- 点击./form//ul/li[@class="passenger_list_info_input_gender"]/span[1]超时[0m
[32m[2019-02-27 18:38:15,370] [log.py:92] [log:__console] [INFO]- 初始化webdriver对象[0m
[31m[2019-02-27 18:38:24,458] [log.py:98] [log:__console] [ERROR]- 定位//*[@id="loginform-modal"]/div/div/div[1]/a时，点击click时出错，错误信息：Message: element not interactable
  (Session info: chrome=72.0.3626.119)
  (Driver info: chromedriver=2.44.609545 (c2f88692e98ce7233d2df7c724465ecacfe74df5),platform=Mac OS X 10.14.1 x86_64)
[0m
[31m[2019-02-27 18:38:31,163] [log.py:98] [log:__console] [ERROR]- 定位./form/div[1]/div[4]/div[2]/div/div[2]/ul/li[3]/span[2]时，点击click时出错，错误信息：Message: unknown error: Element <span ng-click="indexCtl.selectGender($index, passenger, 'MS', passengersCtl.state.memberStatus);" ng-keydown="indexCtl.selectNamePrefix($event, $index,'MS',  passengersCtl.state.memberStatus);" ng-disabled="$first &amp;&amp; passengersCtl.state.memberStatus == 'login'" ng-blur="passengersCtl.inputBlur(formName,'namePrefix');" tabindex="04" ng-class="{'selected': passenger.namePrefix == 'MS'}">...</span> is not clickable at point (507, 456). Other element would receive the click: <div class="links">...</div>
  (Session info: chrome=72.0.3626.119)
  (Driver info: chromedriver=2.44.609545 (c2f88692e98ce7233d2df7c724465ecacfe74df5),platform=Mac OS X 10.14.1 x86_64)
[0m
[32m[2019-02-27 18:39:13,178] [log.py:92] [log:__console] [INFO]- 初始化webdriver对象[0m
[32m[2019-02-27 18:41:18,141] [log.py:92] [log:__console] [INFO]- 初始化webdriver对象[0m
[32m[2019-02-27 18:43:31,547] [log.py:92] [log:__console] [INFO]- 初始化webdriver对象[0m
[31m[2019-02-27 18:43:33,767] [log.py:98] [log:__console] [ERROR]- 选择航班发生错误，错误提示：too many values to unpack (expected 2)[0m
[32m[2019-02-27 18:44:01,335] [log.py:92] [log:__console] [INFO]- 初始化webdriver对象[0m
[31m[2019-02-27 18:44:03,616] [log.py:98] [log:__console] [ERROR]- 选择航班发生错误，错误提示：too many values to unpack (expected 2)[0m
[32m[2019-02-27 18:44:59,797] [log.py:92] [log:__console] [INFO]- 初始化webdriver对象[0m
[31m[2019-02-27 18:45:02,021] [log.py:98] [log:__console] [ERROR]- 选择航班发生错误，错误提示：too many values to unpack (expected 2)[0m
[32m[2019-02-27 18:46:03,013] [log.py:92] [log:__console] [INFO]- 初始化webdriver对象[0m
[32m[2019-02-27 18:51:30,247] [log.py:92] [log:__console] [INFO]- 初始化webdriver对象[0m
[31m[2019-02-27 18:51:38,750] [log.py:98] [log:__console] [ERROR]- 定位./form/div[2]/ul/li[1]/dl/dd/div[1]/label/input时，填写日本时出错，错误信息：Message: no such element: Unable to locate element: {"method":"xpath","selector":"./form/div[2]/ul/li[1]/dl/dd/div[1]/label/input"}
  (Session info: chrome=72.0.3626.119)
  (Driver info: chromedriver=2.44.609545 (c2f88692e98ce7233d2df7c724465ecacfe74df5),platform=Mac OS X 10.14.1 x86_64)
[0m
